0 info it worked if it ends with ok
1 verbose cli [ 'C:\\Program Files\\nodejs\\node.exe',
1 verbose cli   'C:\\Users\\Nitesh.Rai\\AppData\\Roaming\\npm\\node_modules\\npm\\bin\\npm-cli.js',
1 verbose cli   'run',
1 verbose cli   'build' ]
2 info using npm@5.5.1
3 info using node@v6.5.0
4 verbose run-script [ 'prebuild', 'build', 'postbuild' ]
5 info lifecycle new-my-app@0.1.0~prebuild: new-my-app@0.1.0
6 info lifecycle new-my-app@0.1.0~build: new-my-app@0.1.0
7 verbose lifecycle new-my-app@0.1.0~build: unsafe-perm in lifecycle true
8 verbose lifecycle new-my-app@0.1.0~build: PATH: C:\Users\Nitesh.Rai\AppData\Roaming\npm\node_modules\npm\bin\node-gyp-bin;C:\Users\Nitesh.Rai\Desktop\Projects\AAW\new\new-my-app\node_modules\.bin;C:\Users\Nitesh.Rai\AppData\Local\Continuum\anaconda3;C:\Users\Nitesh.Rai\AppData\Local\Continuum\anaconda3\Library\mingw-w64\bin;C:\Users\Nitesh.Rai\AppData\Local\Continuum\anaconda3\Library\usr\bin;C:\Users\Nitesh.Rai\AppData\Local\Continuum\anaconda3\Library\bin;C:\Users\Nitesh.Rai\AppData\Local\Continuum\anaconda3\Scripts;C:\Ruby24-x64\bin;C:\Ruby23-x64\bin;C:\Program Files (x86)\Intel\MPI-RT\4.1.0.023\em64t\bin;C:\Program Files (x86)\Intel\MPI-RT\4.1.0.023\ia32\bin;C:\ProgramData\Oracle\Java\javapath;C:\WINDOWS\system32;C:\WINDOWS;C:\WINDOWS\System32\Wbem;C:\Program Files\Intel\WiFi\bin\;C:\Program Files\Common Files\Intel\WirelessCommon\;C:\Program Files (x86)\ATI Technologies\ATI.ACE\Core-Static;C:\Program Files (x86)\QuickTime\QTSystem\;C:\Program Files (x86)\Boundless\OpenGeo\jetty\jre\bin;C:\Program Files (x86)\Boundless\OpenGeo\bin;C:\Program Files (x86)\Boundless\OpenGeo\sdk\bin;C:\Program Files (x86)\Boundless\OpenGeo\pgsql\bin;C:\Program Files (x86)\Heroku\bin;C:\Program Files (x86)\git\cmd;C:\Program Files (x86)\Git\cmd;C:\OpenSSL-Win64\bin;C:\Program Files\Python27;C:\Program Files\nodejs\;C:\WINDOWS\System32\WindowsPowerShell\v1.0\;C:\WINDOWS\System32\WindowsPowerShell\v1.0\;C:\Program Files\PuTTY\;C:\WINDOWS\System32\WindowsPowerShell\v1.0\;C:\Program Files\Amazon\AWSCLI\;C:\Users\Nitesh.Rai\AppData\Local\Continuum\anaconda3;C:\Users\Nitesh.Rai\AppData\Local\Continuum\anaconda3\Library\mingw-w64\bin;C:\Users\Nitesh.Rai\AppData\Local\Continuum\anaconda3\Library\usr\bin;C:\Users\Nitesh.Rai\AppData\Local\Continuum\anaconda3\Library\bin;C:\Users\Nitesh.Rai\AppData\Local\Continuum\anaconda3\Scripts;C:\Python27;C:\Users\Nitesh.Rai\AppData\Roaming\npm;C:\Program Files\Java\jdk1.8.0_92\bin;%PYTHON_HOME%\;%PYTHON_HOME%\Scripts\;C:\Users\Nitesh.Rai\AppData\Local\GitHubDesktop\bin;C:\Users\Nitesh.Rai\AppData\Local\atom\bin
9 verbose lifecycle new-my-app@0.1.0~build: CWD: C:\Users\Nitesh.Rai\Desktop\Projects\AAW\new\new-my-app
10 silly lifecycle new-my-app@0.1.0~build: Args: [ '/d /s /c', 'react-scripts build' ]
11 silly lifecycle new-my-app@0.1.0~build: Returned: code: 1  signal: null
12 info lifecycle new-my-app@0.1.0~build: Failed to exec build script
13 verbose stack Error: new-my-app@0.1.0 build: `react-scripts build`
13 verbose stack Exit status 1
13 verbose stack     at EventEmitter.<anonymous> (C:\Users\Nitesh.Rai\AppData\Roaming\npm\node_modules\npm\node_modules\npm-lifecycle\index.js:280:16)
13 verbose stack     at emitTwo (events.js:106:13)
13 verbose stack     at EventEmitter.emit (events.js:191:7)
13 verbose stack     at ChildProcess.<anonymous> (C:\Users\Nitesh.Rai\AppData\Roaming\npm\node_modules\npm\node_modules\npm-lifecycle\lib\spawn.js:55:14)
13 verbose stack     at emitTwo (events.js:106:13)
13 verbose stack     at ChildProcess.emit (events.js:191:7)
13 verbose stack     at maybeClose (internal/child_process.js:877:16)
13 verbose stack     at Process.ChildProcess._handle.onexit (internal/child_process.js:226:5)
14 verbose pkgid new-my-app@0.1.0
15 verbose cwd C:\Users\Nitesh.Rai\Desktop\Projects\AAW\new\new-my-app
16 verbose Windows_NT 6.1.7601
17 verbose argv "C:\\Program Files\\nodejs\\node.exe" "C:\\Users\\Nitesh.Rai\\AppData\\Roaming\\npm\\node_modules\\npm\\bin\\npm-cli.js" "run" "build"
18 verbose node v6.5.0
19 verbose npm  v5.5.1
20 error code ELIFECYCLE
21 error errno 1
22 error new-my-app@0.1.0 build: `react-scripts build`
22 error Exit status 1
23 error Failed at the new-my-app@0.1.0 build script.
23 error This is probably not a problem with npm. There is likely additional logging output above.
24 verbose exit [ 1, true ]
